<?xml version="1.0" encoding="UTF-8"?>
<testng-results skipped="0" failed="1" ignored="0" total="4" passed="3">
  <reporter-output>
  </reporter-output>
  <suite name="tests.AppTest" duration-ms="67565" started-at="2020-03-10T07:12:26 ART" finished-at="2020-03-10T07:13:34 ART">
    <groups>
    </groups>
    <test name="Command line test" duration-ms="67565" started-at="2020-03-10T07:12:26 ART" finished-at="2020-03-10T07:13:34 ART">
      <class name="tests.AppTest">
        <test-method status="PASS" signature="setUp()[pri:0, instance:tests.AppTest@754ba872]" name="setUp" is-config="true" duration-ms="8146" started-at="2020-03-10T07:12:26 ART" finished-at="2020-03-10T07:12:34 ART">
          <reporter-output>
          </reporter-output>
        </test-method> <!-- setUp -->
        <test-method status="PASS" signature="loginIncorrecto()[pri:0, instance:tests.AppTest@754ba872]" name="loginIncorrecto" duration-ms="5787" started-at="2020-03-10T07:12:34 ART" finished-at="2020-03-10T07:12:40 ART">
          <reporter-output>
          </reporter-output>
        </test-method> <!-- loginIncorrecto -->
        <test-method status="PASS" signature="finalizarPrueba(org.testng.ITestResult)[pri:0, instance:tests.AppTest@754ba872]" name="finalizarPrueba" is-config="true" duration-ms="5811" started-at="2020-03-10T07:12:40 ART" finished-at="2020-03-10T07:12:46 ART">
          <params>
            <param index="0">
              <value>
                <![CDATA[[TestResult name=loginIncorrecto status=SUCCESS method=AppTest.loginIncorrecto()[pri:0, instance:tests.AppTest@754ba872] output={null}]]]>
              </value>
            </param>
          </params>
          <reporter-output>
          </reporter-output>
        </test-method> <!-- finalizarPrueba -->
        <test-method status="PASS" signature="setUp()[pri:0, instance:tests.AppTest@754ba872]" name="setUp" is-config="true" duration-ms="7258" started-at="2020-03-10T07:12:46 ART" finished-at="2020-03-10T07:12:53 ART">
          <reporter-output>
          </reporter-output>
        </test-method> <!-- setUp -->
        <test-method status="FAIL" signature="loginIncorrecto2()[pri:0, instance:tests.AppTest@754ba872]" name="loginIncorrecto2" duration-ms="5689" started-at="2020-03-10T07:12:53 ART" finished-at="2020-03-10T07:12:59 ART">
          <exception class="org.openqa.selenium.NoSuchElementException">
            <message>
              <![CDATA[Unable to locate element: /html/body/div/table/tbody/tr/td[2]/table/tbody/tr[4]/td/table/tbody/tr/td[2]/table/tbody/tr[3]/td/font
For documentation on this error, please visit: https://www.seleniumhq.org/exceptions/no_such_element.html
Build info: version: '3.141.59', revision: 'e82be7d358', time: '2018-11-14T08:17:03'
System info: host: 'LITN-PC', ip: '192.168.0.109', os.name: 'Windows 10', os.arch: 'amd64', os.version: '10.0', java.version: '1.8.0_241'
Driver info: org.openqa.selenium.firefox.FirefoxDriver
Capabilities {acceptInsecureCerts: true, browserName: firefox, browserVersion: 73.0.1, javascriptEnabled: true, moz:accessibilityChecks: false, moz:buildID: 20200217142647, moz:geckodriverVersion: 0.26.0, moz:headless: false, moz:processID: 6380, moz:profile: C:\Users\Pablo\AppData\Loca..., moz:shutdownTimeout: 60000, moz:useNonSpecCompliantPointerOrigin: false, moz:webdriverClick: true, pageLoadStrategy: normal, platform: WINDOWS, platformName: WINDOWS, platformVersion: 10.0, rotatable: false, setWindowRect: true, strictFileInteractability: false, timeouts: {implicit: 0, pageLoad: 300000, script: 30000}, unhandledPromptBehavior: dismiss and notify}
Session ID: 68f5f739-b4d1-48b3-a17d-83f2cd2dcf31
*** Element info: {Using=xpath, value=/html/body/div/table/tbody/tr/td[2]/table/tbody/tr[4]/td/table/tbody/tr/td[2]/table/tbody/tr[3]/td/font}]]>
            </message>
            <full-stacktrace>
              <![CDATA[org.openqa.selenium.NoSuchElementException: Unable to locate element: /html/body/div/table/tbody/tr/td[2]/table/tbody/tr[4]/td/table/tbody/tr/td[2]/table/tbody/tr[3]/td/font
For documentation on this error, please visit: https://www.seleniumhq.org/exceptions/no_such_element.html
Build info: version: '3.141.59', revision: 'e82be7d358', time: '2018-11-14T08:17:03'
System info: host: 'LITN-PC', ip: '192.168.0.109', os.name: 'Windows 10', os.arch: 'amd64', os.version: '10.0', java.version: '1.8.0_241'
Driver info: org.openqa.selenium.firefox.FirefoxDriver
Capabilities {acceptInsecureCerts: true, browserName: firefox, browserVersion: 73.0.1, javascriptEnabled: true, moz:accessibilityChecks: false, moz:buildID: 20200217142647, moz:geckodriverVersion: 0.26.0, moz:headless: false, moz:processID: 6380, moz:profile: C:\Users\Pablo\AppData\Loca..., moz:shutdownTimeout: 60000, moz:useNonSpecCompliantPointerOrigin: false, moz:webdriverClick: true, pageLoadStrategy: normal, platform: WINDOWS, platformName: WINDOWS, platformVersion: 10.0, rotatable: false, setWindowRect: true, strictFileInteractability: false, timeouts: {implicit: 0, pageLoad: 300000, script: 30000}, unhandledPromptBehavior: dismiss and notify}
Session ID: 68f5f739-b4d1-48b3-a17d-83f2cd2dcf31
*** Element info: {Using=xpath, value=/html/body/div/table/tbody/tr/td[2]/table/tbody/tr[4]/td/table/tbody/tr/td[2]/table/tbody/tr[3]/td/font}
at sun.reflect.NativeConstructorAccessorImpl.newInstance0(Native Method)
at sun.reflect.NativeConstructorAccessorImpl.newInstance(NativeConstructorAccessorImpl.java:62)
at sun.reflect.DelegatingConstructorAccessorImpl.newInstance(DelegatingConstructorAccessorImpl.java:45)
at java.lang.reflect.Constructor.newInstance(Constructor.java:423)
at org.openqa.selenium.remote.http.W3CHttpResponseCodec.createException(W3CHttpResponseCodec.java:187)
at org.openqa.selenium.remote.http.W3CHttpResponseCodec.decode(W3CHttpResponseCodec.java:122)
at org.openqa.selenium.remote.http.W3CHttpResponseCodec.decode(W3CHttpResponseCodec.java:49)
at org.openqa.selenium.remote.HttpCommandExecutor.execute(HttpCommandExecutor.java:158)
at org.openqa.selenium.remote.service.DriverCommandExecutor.execute(DriverCommandExecutor.java:83)
at org.openqa.selenium.remote.RemoteWebDriver.execute(RemoteWebDriver.java:552)
at org.openqa.selenium.remote.RemoteWebDriver.findElement(RemoteWebDriver.java:323)
at org.openqa.selenium.remote.RemoteWebDriver.findElementByXPath(RemoteWebDriver.java:428)
at org.openqa.selenium.By$ByXPath.findElement(By.java:353)
at org.openqa.selenium.remote.RemoteWebDriver.findElement(RemoteWebDriver.java:315)
at pages.PageReservation.assertPage(PageReservation.java:27)
at tests.AppTest.loginIncorrecto2(AppTest.java:81)
at sun.reflect.NativeMethodAccessorImpl.invoke0(Native Method)
at sun.reflect.NativeMethodAccessorImpl.invoke(NativeMethodAccessorImpl.java:62)
at sun.reflect.DelegatingMethodAccessorImpl.invoke(DelegatingMethodAccessorImpl.java:43)
at java.lang.reflect.Method.invoke(Method.java:498)
at org.testng.internal.MethodInvocationHelper.invokeMethod(MethodInvocationHelper.java:134)
at org.testng.internal.TestInvoker.invokeMethod(TestInvoker.java:597)
at org.testng.internal.TestInvoker.invokeTestMethod(TestInvoker.java:173)
at org.testng.internal.MethodRunner.runInSequence(MethodRunner.java:46)
at org.testng.internal.TestInvoker$MethodInvocationAgent.invoke(TestInvoker.java:816)
at org.testng.internal.TestInvoker.invokeTestMethods(TestInvoker.java:146)
at org.testng.internal.TestMethodWorker.invokeTestMethods(TestMethodWorker.java:146)
at org.testng.internal.TestMethodWorker.run(TestMethodWorker.java:128)
at java.util.ArrayList.forEach(ArrayList.java:1257)
at org.testng.TestRunner.privateRun(TestRunner.java:766)
at org.testng.TestRunner.run(TestRunner.java:587)
at org.testng.SuiteRunner.runTest(SuiteRunner.java:384)
at org.testng.SuiteRunner.runSequentially(SuiteRunner.java:378)
at org.testng.SuiteRunner.privateRun(SuiteRunner.java:337)
at org.testng.SuiteRunner.run(SuiteRunner.java:286)
at org.testng.SuiteRunnerWorker.runSuite(SuiteRunnerWorker.java:53)
at org.testng.SuiteRunnerWorker.run(SuiteRunnerWorker.java:96)
at org.testng.TestNG.runSuitesSequentially(TestNG.java:1187)
at org.testng.TestNG.runSuitesLocally(TestNG.java:1109)
at org.testng.TestNG.runSuites(TestNG.java:1039)
at org.testng.TestNG.run(TestNG.java:1007)
at org.apache.maven.surefire.testng.TestNGExecutor.run(TestNGExecutor.java:77)
at org.apache.maven.surefire.testng.TestNGDirectoryTestSuite.execute(TestNGDirectoryTestSuite.java:110)
at org.apache.maven.surefire.testng.TestNGProvider.invoke(TestNGProvider.java:106)
at sun.reflect.NativeMethodAccessorImpl.invoke0(Native Method)
at sun.reflect.NativeMethodAccessorImpl.invoke(NativeMethodAccessorImpl.java:62)
at sun.reflect.DelegatingMethodAccessorImpl.invoke(DelegatingMethodAccessorImpl.java:43)
at java.lang.reflect.Method.invoke(Method.java:498)
at org.apache.maven.surefire.util.ReflectionUtils.invokeMethodWithArray(ReflectionUtils.java:189)
at org.apache.maven.surefire.booter.ProviderFactory$ProviderProxy.invoke(ProviderFactory.java:165)
at org.apache.maven.surefire.booter.ProviderFactory.invokeProvider(ProviderFactory.java:85)
at org.apache.maven.surefire.booter.ForkedBooter.runSuitesInProcess(ForkedBooter.java:115)
at org.apache.maven.surefire.booter.ForkedBooter.main(ForkedBooter.java:75)
]]>
            </full-stacktrace>
          </exception> <!-- org.openqa.selenium.NoSuchElementException -->
          <reporter-output>
          </reporter-output>
        </test-method> <!-- loginIncorrecto2 -->
        <test-method status="PASS" signature="finalizarPrueba(org.testng.ITestResult)[pri:0, instance:tests.AppTest@754ba872]" name="finalizarPrueba" is-config="true" duration-ms="4643" started-at="2020-03-10T07:12:59 ART" finished-at="2020-03-10T07:13:03 ART">
          <params>
            <param index="0">
              <value>
                <![CDATA[[TestResult name=loginIncorrecto2 status=FAILURE method=AppTest.loginIncorrecto2()[pri:0, instance:tests.AppTest@754ba872] output={null}]]]>
              </value>
            </param>
          </params>
          <reporter-output>
          </reporter-output>
        </test-method> <!-- finalizarPrueba -->
        <test-method status="PASS" signature="setUp()[pri:0, instance:tests.AppTest@754ba872]" name="setUp" is-config="true" duration-ms="7246" started-at="2020-03-10T07:13:03 ART" finished-at="2020-03-10T07:13:11 ART">
          <reporter-output>
          </reporter-output>
        </test-method> <!-- setUp -->
        <test-method status="PASS" signature="login_CorrectoReserva()[pri:0, instance:tests.AppTest@754ba872]" name="login_CorrectoReserva" duration-ms="7125" started-at="2020-03-10T07:13:11 ART" finished-at="2020-03-10T07:13:18 ART">
          <reporter-output>
          </reporter-output>
        </test-method> <!-- login_CorrectoReserva -->
        <test-method status="PASS" signature="finalizarPrueba(org.testng.ITestResult)[pri:0, instance:tests.AppTest@754ba872]" name="finalizarPrueba" is-config="true" duration-ms="4236" started-at="2020-03-10T07:13:18 ART" finished-at="2020-03-10T07:13:22 ART">
          <params>
            <param index="0">
              <value>
                <![CDATA[[TestResult name=login_CorrectoReserva status=SUCCESS method=AppTest.login_CorrectoReserva()[pri:0, instance:tests.AppTest@754ba872] output={null}]]]>
              </value>
            </param>
          </params>
          <reporter-output>
          </reporter-output>
        </test-method> <!-- finalizarPrueba -->
        <test-method status="PASS" signature="setUp()[pri:0, instance:tests.AppTest@754ba872]" name="setUp" is-config="true" duration-ms="7362" started-at="2020-03-10T07:13:22 ART" finished-at="2020-03-10T07:13:29 ART">
          <reporter-output>
          </reporter-output>
        </test-method> <!-- setUp -->
        <test-method status="PASS" signature="pruebaCantidadCampos()[pri:0, instance:tests.AppTest@754ba872]" name="pruebaCantidadCampos" duration-ms="96" started-at="2020-03-10T07:13:29 ART" finished-at="2020-03-10T07:13:29 ART">
          <reporter-output>
          </reporter-output>
        </test-method> <!-- pruebaCantidadCampos -->
        <test-method status="PASS" signature="finalizarPrueba(org.testng.ITestResult)[pri:0, instance:tests.AppTest@754ba872]" name="finalizarPrueba" is-config="true" duration-ms="4137" started-at="2020-03-10T07:13:29 ART" finished-at="2020-03-10T07:13:34 ART">
          <params>
            <param index="0">
              <value>
                <![CDATA[[TestResult name=pruebaCantidadCampos status=SUCCESS method=AppTest.pruebaCantidadCampos()[pri:0, instance:tests.AppTest@754ba872] output={null}]]]>
              </value>
            </param>
          </params>
          <reporter-output>
          </reporter-output>
        </test-method> <!-- finalizarPrueba -->
      </class> <!-- tests.AppTest -->
    </test> <!-- Command line test -->
  </suite> <!-- tests.AppTest -->
</testng-results>
